# JRE version: OpenJDK Runtime Environment Temurin-21.0.10+7 (21.0.10+7) (build 21.0.10+7-LTS)
# Java VM: OpenJDK 64-Bit Server VM Temurin-21.0.10+7 (21.0.10+7-LTS, mixed mode, sharing, tiered, compressed oops, compressed class ptrs, parallel gc, windows-amd64)
GC Precious Log:
 CardTable entry size: 512
 CPUs: 2 total, 2 available
 Memory: 3460M
 Large Page Support: Disabled
 NUMA Support: Disabled
 Compressed Oops: Enabled (32-bit)
 Alignments: Space 512K, Generation 512K, Heap 2M
 Heap Min Capacity: 100M
 Heap Initial Capacity: 100M
 Heap Max Capacity: 2G
 Pre-touch: Disabled
 Parallel Workers: 2
Heap:
 PSYoungGen      total 8192K, used 4623K [0x00000000d5580000, 0x00000000d6000000, 0x0000000100000000)
  eden space 7168K, 52% used [0x00000000d5580000,0x00000000d5924390,0x00000000d5c80000)
  from space 1024K, 87% used [0x00000000d5c80000,0x00000000d5d5fa50,0x00000000d5d80000)
  to   space 1024K, 0% used [0x00000000d5f00000,0x00000000d5f00000,0x00000000d6000000)
 ParOldGen       total 825856K, used 824024K [0x0000000080000000, 0x00000000b2680000, 0x00000000d5580000)
  object space 825856K, 99% used [0x0000000080000000,0x00000000b24b6248,0x00000000b2680000)
 Metaspace       used 78906K, committed 80640K, reserved 1179648K
  class space    used 8346K, committed 9088K, reserved 1048576K
GC Heap History (20 events):
Event: 656.140 GC heap before
{Heap before GC invocations=596 (full 3):
 PSYoungGen      total 3584K, used 3565K [0x00000000d5580000, 0x00000000d5c00000, 0x0000000100000000)
  eden space 3072K, 100% used [0x00000000d5580000,0x00000000d5880000,0x00000000d5880000)
  from space 512K, 96% used [0x00000000d5b80000,0x00000000d5bfb418,0x00000000d5c00000)
  to   space 1024K, 0% used [0x00000000d5a00000,0x00000000d5a00000,0x00000000d5b00000)
 ParOldGen       total 814080K, used 813449K [0x0000000080000000, 0x00000000b1b00000, 0x00000000d5580000)
  object space 814080K, 99% used [0x0000000080000000,0x00000000b1a62658,0x00000000b1b00000)
 Metaspace       used 78730K, committed 80384K, reserved 1179648K
  class space    used 8330K, committed 9024K, reserved 1048576K
}
Event: 656.174 GC heap after
{Heap after GC invocations=596 (full 3):
 PSYoungGen      total 4096K, used 512K [0x00000000d5580000, 0x00000000d5c00000, 0x0000000100000000)
  eden space 3072K, 0% used [0x00000000d5580000,0x00000000d5580000,0x00000000d5880000)
  from space 1024K, 50% used [0x00000000d5a00000,0x00000000d5a80000,0x00000000d5b00000)
  to   space 1024K, 0% used [0x00000000d5b00000,0x00000000d5b00000,0x00000000d5c00000)
 ParOldGen       total 814080K, used 813577K [0x0000000080000000, 0x00000000b1b00000, 0x00000000d5580000)
  object space 814080K, 99% used [0x0000000080000000,0x00000000b1a82678,0x00000000b1b00000)
 Metaspace       used 78730K, committed 80384K, reserved 1179648K
  class space    used 8330K, committed 9024K, reserved 1048576K
}
Event: 656.253 GC heap before
{Heap before GC invocations=597 (full 3):
 PSYoungGen      total 4096K, used 3522K [0x00000000d5580000, 0x00000000d5c00000, 0x0000000100000000)
  eden space 3072K, 97% used [0x00000000d5580000,0x00000000d5870870,0x00000000d5880000)
  from space 1024K, 50% used [0x00000000d5a00000,0x00000000d5a80000,0x00000000d5b00000)
  to   space 1024K, 0% used [0x00000000d5b00000,0x00000000d5b00000,0x00000000d5c00000)
 ParOldGen       total 816128K, used 815127K [0x0000000080000000, 0x00000000b1d00000, 0x00000000d5580000)
  object space 816128K, 99% used [0x0000000080000000,0x00000000b1c05fb0,0x00000000b1d00000)
 Metaspace       used 78756K, committed 80384K, reserved 1179648K
  class space    used 8333K, committed 9024K, reserved 1048576K
}
Event: 656.325 GC heap after
{Heap after GC invocations=597 (full 3):
 PSYoungGen      total 4608K, used 192K [0x00000000d5580000, 0x00000000d5b80000, 0x0000000100000000)
  eden space 4096K, 0% used [0x00000000d5580000,0x00000000d5580000,0x00000000d5980000)
  from space 512K, 37% used [0x00000000d5b00000,0x00000000d5b30000,0x00000000d5b80000)
  to   space 512K, 0% used [0x00000000d5a80000,0x00000000d5a80000,0x00000000d5b00000)
 ParOldGen       total 816128K, used 815587K [0x0000000080000000, 0x00000000b1d00000, 0x00000000d5580000)
  object space 816128K, 99% used [0x0000000080000000,0x00000000b1c78e80,0x00000000b1d00000)
 Metaspace       used 78756K, committed 80384K, reserved 1179648K
  class space    used 8333K, committed 9024K, reserved 1048576K
}
Event: 656.483 GC heap before
{Heap before GC invocations=598 (full 3):
 PSYoungGen      total 4608K, used 4219K [0x00000000d5580000, 0x00000000d5b80000, 0x0000000100000000)
  eden space 4096K, 98% used [0x00000000d5580000,0x00000000d596eca8,0x00000000d5980000)
  from space 512K, 37% used [0x00000000d5b00000,0x00000000d5b30000,0x00000000d5b80000)
  to   space 512K, 0% used [0x00000000d5a80000,0x00000000d5a80000,0x00000000d5b00000)
 ParOldGen       total 816128K, used 815587K [0x0000000080000000, 0x00000000b1d00000, 0x00000000d5580000)
  object space 816128K, 99% used [0x0000000080000000,0x00000000b1c78e80,0x00000000b1d00000)
 Metaspace       used 78766K, committed 80384K, reserved 1179648K
  class space    used 8334K, committed 9024K, reserved 1048576K
}
Event: 656.493 GC heap after
{Heap after GC invocations=598 (full 3):
 PSYoungGen      total 4608K, used 128K [0x00000000d5580000, 0x00000000d5b80000, 0x0000000100000000)
  eden space 4096K, 0% used [0x00000000d5580000,0x00000000d5580000,0x00000000d5980000)
  from space 512K, 25% used [0x00000000d5a80000,0x00000000d5aa0000,0x00000000d5b00000)
  to   space 512K, 0% used [0x00000000d5b00000,0x00000000d5b00000,0x00000000d5b80000)
 ParOldGen       total 816128K, used 815723K [0x0000000080000000, 0x00000000b1d00000, 0x00000000d5580000)
  object space 816128K, 99% used [0x0000000080000000,0x00000000b1c9ae80,0x00000000b1d00000)
 Metaspace       used 78766K, committed 80384K, reserved 1179648K
  class space    used 8334K, committed 9024K, reserved 1048576K
}
Event: 656.551 GC heap before
{Heap before GC invocations=599 (full 3):
 PSYoungGen      total 4608K, used 4079K [0x00000000d5580000, 0x00000000d5b80000, 0x0000000100000000)
  eden space 4096K, 96% used [0x00000000d5580000,0x00000000d595be80,0x00000000d5980000)
  from space 512K, 25% used [0x00000000d5a80000,0x00000000d5aa0000,0x00000000d5b00000)
  to   space 512K, 0% used [0x00000000d5b00000,0x00000000d5b00000,0x00000000d5b80000)
 ParOldGen       total 816128K, used 815723K [0x0000000080000000, 0x00000000b1d00000, 0x00000000d5580000)
  object space 816128K, 99% used [0x0000000080000000,0x00000000b1c9ae80,0x00000000b1d00000)
 Metaspace       used 78777K, committed 80384K, reserved 1179648K
  class space    used 8335K, committed 9024K, reserved 1048576K
}
Event: 656.613 GC heap after
{Heap after GC invocations=599 (full 3):
 PSYoungGen      total 5632K, used 128K [0x00000000d5580000, 0x00000000d5b80000, 0x0000000100000000)
  eden space 5120K, 0% used [0x00000000d5580000,0x00000000d5580000,0x00000000d5a80000)
  from space 512K, 25% used [0x00000000d5b00000,0x00000000d5b20000,0x00000000d5b80000)
  to   space 512K, 0% used [0x00000000d5a80000,0x00000000d5a80000,0x00000000d5b00000)
 ParOldGen       total 818176K, used 817371K [0x0000000080000000, 0x00000000b1f00000, 0x00000000d5580000)
  object space 818176K, 99% used [0x0000000080000000,0x00000000b1e36e88,0x00000000b1f00000)
 Metaspace       used 78777K, committed 80384K, reserved 1179648K
  class space    used 8335K, committed 9024K, reserved 1048576K
}
Event: 656.823 GC heap before
{Heap before GC invocations=600 (full 3):
 PSYoungGen      total 5632K, used 5080K [0x00000000d5580000, 0x00000000d5b80000, 0x0000000100000000)
  eden space 5120K, 96% used [0x00000000d5580000,0x00000000d5a563a8,0x00000000d5a80000)
  from space 512K, 25% used [0x00000000d5b00000,0x00000000d5b20000,0x00000000d5b80000)
  to   space 512K, 0% used [0x00000000d5a80000,0x00000000d5a80000,0x00000000d5b00000)
 ParOldGen       total 818176K, used 817371K [0x0000000080000000, 0x00000000b1f00000, 0x00000000d5580000)
  object space 818176K, 99% used [0x0000000080000000,0x00000000b1e36e88,0x00000000b1f00000)
 Metaspace       used 78819K, committed 80448K, reserved 1179648K
  class space    used 8339K, committed 9024K, reserved 1048576K
}
Event: 656.853 GC heap after
{Heap after GC invocations=600 (full 3):
 PSYoungGen      total 5632K, used 481K [0x00000000d5580000, 0x00000000d5d80000, 0x0000000100000000)
  eden space 5120K, 0% used [0x00000000d5580000,0x00000000d5580000,0x00000000d5a80000)
  from space 512K, 93% used [0x00000000d5a80000,0x00000000d5af8490,0x00000000d5b00000)
  to   space 1024K, 0% used [0x00000000d5c80000,0x00000000d5c80000,0x00000000d5d80000)
 ParOldGen       total 818176K, used 817620K [0x0000000080000000, 0x00000000b1f00000, 0x00000000d5580000)
  object space 818176K, 99% used [0x0000000080000000,0x00000000b1e753d8,0x00000000b1f00000)
 Metaspace       used 78819K, committed 80448K, reserved 1179648K
  class space    used 8339K, committed 9024K, reserved 1048576K
}
Event: 656.905 GC heap before
{Heap before GC invocations=601 (full 3):
 PSYoungGen      total 5632K, used 5073K [0x00000000d5580000, 0x00000000d5d80000, 0x0000000100000000)
  eden space 5120K, 89% used [0x00000000d5580000,0x00000000d59fc128,0x00000000d5a80000)
  from space 512K, 93% used [0x00000000d5a80000,0x00000000d5af8490,0x00000000d5b00000)
  to   space 1024K, 0% used [0x00000000d5c80000,0x00000000d5c80000,0x00000000d5d80000)
 ParOldGen       total 818176K, used 817620K [0x0000000080000000, 0x00000000b1f00000, 0x00000000d5580000)
  object space 818176K, 99% used [0x0000000080000000,0x00000000b1e753d8,0x00000000b1f00000)
 Metaspace       used 78825K, committed 80448K, reserved 1179648K
  class space    used 8341K, committed 9024K, reserved 1048576K
}
Event: 656.956 GC heap after
{Heap after GC invocations=601 (full 3):
 PSYoungGen      total 7168K, used 758K [0x00000000d5580000, 0x00000000d5d80000, 0x0000000100000000)
  eden space 6144K, 0% used [0x00000000d5580000,0x00000000d5580000,0x00000000d5b80000)
  from space 1024K, 74% used [0x00000000d5c80000,0x00000000d5d3dba0,0x00000000d5d80000)
  to   space 1024K, 0% used [0x00000000d5b80000,0x00000000d5b80000,0x00000000d5c80000)
 ParOldGen       total 818176K, used 818102K [0x0000000080000000, 0x00000000b1f00000, 0x00000000d5580000)
  object space 818176K, 99% used [0x0000000080000000,0x00000000b1eed868,0x00000000b1f00000)
 Metaspace       used 78825K, committed 80448K, reserved 1179648K
  class space    used 8341K, committed 9024K, reserved 1048576K
}
Event: 657.041 GC heap before
{Heap before GC invocations=602 (full 3):
 PSYoungGen      total 7168K, used 5501K [0x00000000d5580000, 0x00000000d5d80000, 0x0000000100000000)
  eden space 6144K, 77% used [0x00000000d5580000,0x00000000d5a21940,0x00000000d5b80000)
  from space 1024K, 74% used [0x00000000d5c80000,0x00000000d5d3dba0,0x00000000d5d80000)
  to   space 1024K, 0% used [0x00000000d5b80000,0x00000000d5b80000,0x00000000d5c80000)
 ParOldGen       total 818176K, used 818102K [0x0000000080000000, 0x00000000b1f00000, 0x00000000d5580000)
  object space 818176K, 99% used [0x0000000080000000,0x00000000b1eed868,0x00000000b1f00000)
 Metaspace       used 78830K, committed 80448K, reserved 1179648K
  class space    used 8341K, committed 9024K, reserved 1048576K
}
Event: 657.045 GC heap after
{Heap after GC invocations=602 (full 3):
 PSYoungGen      total 7168K, used 224K [0x00000000d5580000, 0x00000000d5e00000, 0x0000000100000000)
  eden space 6144K, 0% used [0x00000000d5580000,0x00000000d5580000,0x00000000d5b80000)
  from space 1024K, 21% used [0x00000000d5b80000,0x00000000d5bb8000,0x00000000d5c80000)
  to   space 512K, 0% used [0x00000000d5d80000,0x00000000d5d80000,0x00000000d5e00000)
 ParOldGen       total 819200K, used 818820K [0x0000000080000000, 0x00000000b2000000, 0x00000000d5580000)
  object space 819200K, 99% used [0x0000000080000000,0x00000000b1fa13c8,0x00000000b2000000)
 Metaspace       used 78830K, committed 80448K, reserved 1179648K
  class space    used 8341K, committed 9024K, reserved 1048576K
}
Event: 657.106 GC heap before
{Heap before GC invocations=603 (full 3):
 PSYoungGen      total 7168K, used 5872K [0x00000000d5580000, 0x00000000d5e00000, 0x0000000100000000)
  eden space 6144K, 91% used [0x00000000d5580000,0x00000000d5b04120,0x00000000d5b80000)
  from space 1024K, 21% used [0x00000000d5b80000,0x00000000d5bb8000,0x00000000d5c80000)
  to   space 512K, 0% used [0x00000000d5d80000,0x00000000d5d80000,0x00000000d5e00000)
 ParOldGen       total 819200K, used 818820K [0x0000000080000000, 0x00000000b2000000, 0x00000000d5580000)
  object space 819200K, 99% used [0x0000000080000000,0x00000000b1fa13c8,0x00000000b2000000)
 Metaspace       used 78836K, committed 80448K, reserved 1179648K
  class space    used 8342K, committed 9024K, reserved 1048576K
}
Event: 657.111 GC heap after
{Heap after GC invocations=603 (full 3):
 PSYoungGen      total 6656K, used 288K [0x00000000d5580000, 0x00000000d5e00000, 0x0000000100000000)
  eden space 6144K, 0% used [0x00000000d5580000,0x00000000d5580000,0x00000000d5b80000)
  from space 512K, 56% used [0x00000000d5d80000,0x00000000d5dc8000,0x00000000d5e00000)
  to   space 512K, 0% used [0x00000000d5d00000,0x00000000d5d00000,0x00000000d5d80000)
 ParOldGen       total 819200K, used 819044K [0x0000000080000000, 0x00000000b2000000, 0x00000000d5580000)
  object space 819200K, 99% used [0x0000000080000000,0x00000000b1fd93c8,0x00000000b2000000)
 Metaspace       used 78836K, committed 80448K, reserved 1179648K
  class space    used 8342K, committed 9024K, reserved 1048576K
}
Event: 657.128 GC heap before
{Heap before GC invocations=604 (full 3):
 PSYoungGen      total 6656K, used 5628K [0x00000000d5580000, 0x00000000d5e00000, 0x0000000100000000)
  eden space 6144K, 86% used [0x00000000d5580000,0x00000000d5ab7108,0x00000000d5b80000)
  from space 512K, 56% used [0x00000000d5d80000,0x00000000d5dc8000,0x00000000d5e00000)
  to   space 512K, 0% used [0x00000000d5d00000,0x00000000d5d00000,0x00000000d5d80000)
 ParOldGen       total 819200K, used 819044K [0x0000000080000000, 0x00000000b2000000, 0x00000000d5580000)
  object space 819200K, 99% used [0x0000000080000000,0x00000000b1fd93c8,0x00000000b2000000)
 Metaspace       used 78836K, committed 80448K, reserved 1179648K
  class space    used 8342K, committed 9024K, reserved 1048576K
}
Event: 657.135 GC heap after
{Heap after GC invocations=604 (full 3):
 PSYoungGen      total 8192K, used 64K [0x00000000d5580000, 0x00000000d5e00000, 0x0000000100000000)
  eden space 7680K, 0% used [0x00000000d5580000,0x00000000d5580000,0x00000000d5d00000)
  from space 512K, 12% used [0x00000000d5d00000,0x00000000d5d10000,0x00000000d5d80000)
  to   space 512K, 0% used [0x00000000d5d80000,0x00000000d5d80000,0x00000000d5e00000)
 ParOldGen       total 819712K, used 819284K [0x0000000080000000, 0x00000000b2080000, 0x00000000d5580000)
  object space 819712K, 99% used [0x0000000080000000,0x00000000b20153c8,0x00000000b2080000)
 Metaspace       used 78836K, committed 80448K, reserved 1179648K
  class space    used 8342K, committed 9024K, reserved 1048576K
}
Event: 657.148 GC heap before
{Heap before GC invocations=605 (full 3):
 PSYoungGen      total 8192K, used 7740K [0x00000000d5580000, 0x00000000d5e00000, 0x0000000100000000)
  eden space 7680K, 99% used [0x00000000d5580000,0x00000000d5cff260,0x00000000d5d00000)
  from space 512K, 12% used [0x00000000d5d00000,0x00000000d5d10000,0x00000000d5d80000)
  to   space 512K, 0% used [0x00000000d5d80000,0x00000000d5d80000,0x00000000d5e00000)
 ParOldGen       total 819712K, used 819284K [0x0000000080000000, 0x00000000b2080000, 0x00000000d5580000)
  object space 819712K, 99% used [0x0000000080000000,0x00000000b20153c8,0x00000000b2080000)
 Metaspace       used 78836K, committed 80448K, reserved 1179648K
  class space    used 8342K, committed 9024K, reserved 1048576K
}
Event: 657.249 GC heap after
{Heap after GC invocations=605 (full 3):
 PSYoungGen      total 7680K, used 452K [0x00000000d5580000, 0x00000000d6080000, 0x0000000100000000)
  eden space 7168K, 0% used [0x00000000d5580000,0x00000000d5580000,0x00000000d5c80000)
  from space 512K, 88% used [0x00000000d5d80000,0x00000000d5df1148,0x00000000d5e00000)
  to   space 1024K, 0% used [0x00000000d5c80000,0x00000000d5c80000,0x00000000d5d80000)
 ParOldGen       total 825856K, used 823975K [0x0000000080000000, 0x00000000b2680000, 0x00000000d5580000)
  object space 825856K, 99% used [0x0000000080000000,0x00000000b24a9f70,0x00000000b2680000)
 Metaspace       used 78836K, committed 80448K, reserved 1179648K
  class space    used 8342K, committed 9024K, reserved 1048576K
}

